2018-07-26T15:00:37.405Z - normal: Load ~/.CocosCreator/settings.json
2018-07-26T15:00:37.408Z - normal: checking language setting...
2018-07-26T15:00:37.408Z - normal: Language: zh
2018-07-26T15:00:38.352Z - success: protocol editor-framework registered
2018-07-26T15:00:38.352Z - success: protocol app registered
2018-07-26T15:00:38.352Z - success: protocol theme registered
2018-07-26T15:00:38.352Z - success: protocol packages registered
2018-07-26T15:00:38.353Z - success: protocol unpack registerred
2018-07-26T15:00:38.353Z - success: protocol disable-commonjs registerred
2018-07-26T15:00:38.490Z - normal: connected!
2018-07-26T15:00:38.492Z - normal: Check project /Users/sunyafei/Desktop/MyWork/aircraft_war-master
2018-07-26T15:00:38.493Z - normal: Initializing Cocos2d
2018-07-26T15:00:38.745Z - normal: Initializing Asset Database
2018-07-26T15:00:38.780Z - success: protocol uuid registerred
2018-07-26T15:00:38.780Z - success: protocol db registerred
2018-07-26T15:00:38.780Z - success: protocol thumbnail registerred
2018-07-26T15:00:38.781Z - normal: Loading editor/builtin packages
2018-07-26T15:00:38.807Z - success: anysdk loaded
2018-07-26T15:00:38.953Z - success: assets loaded
2018-07-26T15:00:38.963Z - success: builder loaded
2018-07-26T15:00:38.967Z - success: cocos-analytics loaded
2018-07-26T15:00:38.974Z - success: console loaded
2018-07-26T15:00:39.008Z - success: fb-instant-games loaded
2018-07-26T15:00:39.013Z - success: hierarchy loaded
2018-07-26T15:00:39.018Z - success: inspector loaded
2018-07-26T15:00:39.020Z - success: keystore loaded
2018-07-26T15:00:39.025Z - success: node-library loaded
2018-07-26T15:00:39.027Z - success: package-asset loaded
2018-07-26T15:00:39.029Z - success: preferences loaded
2018-07-26T15:00:39.032Z - success: project-exporter loaded
2018-07-26T15:00:39.051Z - success: project-importer loaded
2018-07-26T15:00:39.054Z - success: project-settings loaded
2018-07-26T15:00:39.060Z - success: ui-kit loaded
2018-07-26T15:00:39.066Z - success: ui-grid loaded
2018-07-26T15:00:39.070Z - success: scene loaded
2018-07-26T15:00:39.072Z - success: sprite-editor loaded
2018-07-26T15:00:39.077Z - success: store loaded
2018-07-26T15:00:39.084Z - success: timeline loaded
2018-07-26T15:00:39.084Z - normal: Loading builtin packages
2018-07-26T15:00:39.090Z - success: asset-db-debugger loaded
2018-07-26T15:00:39.092Z - success: color-picker loaded
2018-07-26T15:00:39.096Z - success: package-manager loaded
2018-07-26T15:00:39.097Z - success: qqplay-adapter loaded
2018-07-26T15:00:39.104Z - success: sdkbox loaded
2018-07-26T15:00:39.109Z - success: tester loaded
2018-07-26T15:00:39.113Z - success: ui-kit-preview-extra loaded
2018-07-26T15:00:39.117Z - success: ui-kit-preview loaded
2018-07-26T15:00:39.121Z - success: ui-tree loaded
2018-07-26T15:00:39.122Z - success: weapp-adapter loaded
2018-07-26T15:00:40.279Z - normal: Initializing project /Users/sunyafei/Desktop/MyWork/aircraft_war-master
2018-07-26T15:00:40.281Z - normal: Loading packages
2018-07-26T15:00:40.287Z - normal: Watching packages
2018-07-26T15:00:40.404Z - normal: Run Application
2018-07-26T15:00:42.741Z - success: preview server running at http://localhost:7456
2018-07-26T15:00:47.494Z - normal: 1.9.3
2018-07-26T15:19:39.270Z - warn: Error: ipc timeout. message: scene:query-node, session: scene@renderer:16021
